cl : command line warning D9002: ignoring unknown option '/std:c99'
  main_sdl.c
C:\Projects\NekoEngine\images.h(40,18): warning C4996: 'fopen': This function or variable may be unsafe. Consider using fopen_s instead. To disable deprecation, use _CRT_SECURE_NO_WARNINGS. See online help for details.
C:\Projects\NekoEngine\levels.h(156,57): warning C4133: 'function': incompatible types - from 'WIN32_FIND_DATA *' to 'LPWIN32_FIND_DATAA'
C:\Projects\NekoEngine\levels.h(181,56): warning C4244: '=': conversion from 'WCHAR' to 'char', possible loss of data
C:\Projects\NekoEngine\levels.h(257,18): warning C4996: 'fopen': This function or variable may be unsafe. Consider using fopen_s instead. To disable deprecation, use _CRT_SECURE_NO_WARNINGS. See online help for details.
C:\Projects\NekoEngine\texts.h(46,12): warning C4098: 'loadText': 'void' function returning a value
C:\Projects\NekoEngine\texts.h(53,11): warning C4098: 'loadText': 'void' function returning a value
C:\Projects\NekoEngine\texts.h(44,15): warning C4996: 'fopen': This function or variable may be unsafe. Consider using fopen_s instead. To disable deprecation, use _CRT_SECURE_NO_WARNINGS. See online help for details.
C:\Projects\NekoEngine\game.h(699,24): warning C4244: 'initializing': conversion from '__int64' to 'uint32_t', possible loss of data
C:\Projects\NekoEngine\game.h(1304,46): warning C4013: 'SFG_floorHeightAt' undefined; assuming extern returning int
C:\Projects\NekoEngine\game.h(1384,37): warning C4244: 'function': conversion from 'int16_t' to 'uint8_t', possible loss of data
C:\Projects\NekoEngine\game.h(1384,40): warning C4244: 'function': conversion from 'int16_t' to 'uint8_t', possible loss of data
C:\Projects\NekoEngine\game.h(1569,33): warning C4133: 'function': incompatible types - from 'char *' to 'LPWSTR'
C:\Projects\NekoEngine\game.h(1569,35): warning C4267: 'function': conversion from 'size_t' to 'DWORD', possible loss of data
C:\Projects\NekoEngine\game.h(1808,3): warning C4996: 'sprintf': This function or variable may be unsafe. Consider using sprintf_s instead. To disable deprecation, use _CRT_SECURE_NO_WARNINGS. See online help for details.
C:\Projects\NekoEngine\game.h(1811,3): warning C4996: 'sprintf': This function or variable may be unsafe. Consider using sprintf_s instead. To disable deprecation, use _CRT_SECURE_NO_WARNINGS. See online help for details.
C:\Projects\NekoEngine\game.h(1814,3): warning C4996: 'sprintf': This function or variable may be unsafe. Consider using sprintf_s instead. To disable deprecation, use _CRT_SECURE_NO_WARNINGS. See online help for details.
C:\Projects\NekoEngine\game.h(1817,3): warning C4996: 'sprintf': This function or variable may be unsafe. Consider using sprintf_s instead. To disable deprecation, use _CRT_SECURE_NO_WARNINGS. See online help for details.
C:\Projects\NekoEngine\game.h(1820,3): warning C4996: 'sprintf': This function or variable may be unsafe. Consider using sprintf_s instead. To disable deprecation, use _CRT_SECURE_NO_WARNINGS. See online help for details.
C:\Projects\NekoEngine\game.h(1823,3): warning C4996: 'sprintf': This function or variable may be unsafe. Consider using sprintf_s instead. To disable deprecation, use _CRT_SECURE_NO_WARNINGS. See online help for details.
C:\Projects\NekoEngine\game.h(1826,3): warning C4996: 'sprintf': This function or variable may be unsafe. Consider using sprintf_s instead. To disable deprecation, use _CRT_SECURE_NO_WARNINGS. See online help for details.
C:\Projects\NekoEngine\game.h(2123,23): warning C4244: '=': conversion from 'int16_t' to 'uint8_t', possible loss of data
C:\Projects\NekoEngine\game.h(2150,21): warning C4244: '=': conversion from 'int16_t' to 'uint8_t', possible loss of data
C:\Projects\NekoEngine\game.h(2369,27): warning C4244: 'function': conversion from 'uint16_t' to 'uint8_t', possible loss of data
C:\Projects\NekoEngine\game.h(2715,30): warning C4244: '=': conversion from 'int16_t' to 'uint8_t', possible loss of data
C:\Projects\NekoEngine\game.h(2716,30): warning C4244: '=': conversion from 'int16_t' to 'uint8_t', possible loss of data
C:\Projects\NekoEngine\game.h(2861,64): warning C4244: 'function': conversion from 'uint16_t' to 'uint8_t', possible loss of data
C:\Projects\NekoEngine\game.h(2876,35): warning C4244: 'function': conversion from 'uint16_t' to 'uint8_t', possible loss of data
C:\Projects\NekoEngine\game.h(3580,58): warning C4244: 'function': conversion from 'int16_t' to 'uint8_t', possible loss of data
C:\Projects\NekoEngine\game.h(3673,26): warning C4244: 'function': conversion from 'int16_t' to 'uint8_t', possible loss of data
C:\Projects\NekoEngine\game.h(4409,64): warning C4244: 'function': conversion from 'int16_t' to 'uint8_t', possible loss of data
C:\Projects\NekoEngine\game.h(4409,67): warning C4244: 'function': conversion from 'int16_t' to 'uint8_t', possible loss of data
C:\Projects\NekoEngine\game.h(4462,30): warning C4090: '=': different 'const' qualifiers
C:\Projects\NekoEngine\game.h(4503,75): warning C4244: 'function': conversion from 'uint16_t' to 'uint8_t', possible loss of data
C:\Projects\NekoEngine\game.h(4455,1): warning C4090: 'initializing': different 'const' qualifiers
C:\Projects\NekoEngine\game.h(4741,34): warning C4244: 'initializing': conversion from 'uint16_t' to 'uint8_t', possible loss of data
C:\Projects\NekoEngine\game.h(4882,16): warning C4552: '*': result of expression not used
C:\Projects\NekoEngine\game.h(4833,24): warning C4244: 'initializing': conversion from '__int64' to 'uint32_t', possible loss of data
C:\Projects\NekoEngine\sounds.h(100,67): warning C4146: unary minus operator applied to unsigned type, result still unsigned
C:\Projects\NekoEngine\sounds.h(100,80): warning C4293: '>>': shift count negative or too big, undefined behavior
C:\Projects\NekoEngine\sounds.h(131,18): warning C4996: 'fopen': This function or variable may be unsafe. Consider using fopen_s instead. To disable deprecation, use _CRT_SECURE_NO_WARNINGS. See online help for details.
C:\Projects\NekoEngine\main_sdl.c(110,13): warning C4996: 'fopen': This function or variable may be unsafe. Consider using fopen_s instead. To disable deprecation, use _CRT_SECURE_NO_WARNINGS. See online help for details.
C:\Projects\NekoEngine\main_sdl.c(128,13): warning C4996: 'fopen': This function or variable may be unsafe. Consider using fopen_s instead. To disable deprecation, use _CRT_SECURE_NO_WARNINGS. See online help for details.
  NekoEngine.vcxproj -> C:\Projects\NekoEngine\Ruyn.exe
