cl : command line warning D9002: ignoring unknown option '/std:c99'
  main_sdl.c
C:\Projects\Neko\images.h(40,18): warning C4996: 'fopen': This function or variable may be unsafe. Consider using fopen_s instead. To disable deprecation, use _CRT_SECURE_NO_WARNINGS. See online help for details.
C:\Projects\Neko\levels.h(170,18): warning C4996: 'fopen': This function or variable may be unsafe. Consider using fopen_s instead. To disable deprecation, use _CRT_SECURE_NO_WARNINGS. See online help for details.
C:\Projects\Neko\raycastlib.h(807,9): warning C4013: '__builtin_expect' undefined; assuming extern returning int
C:\Projects\Neko\game.h(682,24): warning C4244: 'initializing': conversion from '__int64' to 'uint32_t', possible loss of data
C:\Projects\Neko\game.h(1315,32): warning C4244: 'function': conversion from 'int16_t' to 'uint8_t', possible loss of data
C:\Projects\Neko\game.h(1315,34): warning C4244: 'function': conversion from 'int16_t' to 'uint8_t', possible loss of data
C:\Projects\Neko\game.h(1506,35): warning C4133: 'function': incompatible types - from 'char *' to 'LPWSTR'
C:\Projects\Neko\game.h(1730,3): warning C4996: 'sprintf': This function or variable may be unsafe. Consider using sprintf_s instead. To disable deprecation, use _CRT_SECURE_NO_WARNINGS. See online help for details.
C:\Projects\Neko\game.h(1733,3): warning C4996: 'sprintf': This function or variable may be unsafe. Consider using sprintf_s instead. To disable deprecation, use _CRT_SECURE_NO_WARNINGS. See online help for details.
C:\Projects\Neko\game.h(1736,3): warning C4996: 'sprintf': This function or variable may be unsafe. Consider using sprintf_s instead. To disable deprecation, use _CRT_SECURE_NO_WARNINGS. See online help for details.
C:\Projects\Neko\game.h(1739,3): warning C4996: 'sprintf': This function or variable may be unsafe. Consider using sprintf_s instead. To disable deprecation, use _CRT_SECURE_NO_WARNINGS. See online help for details.
C:\Projects\Neko\game.h(1742,3): warning C4996: 'sprintf': This function or variable may be unsafe. Consider using sprintf_s instead. To disable deprecation, use _CRT_SECURE_NO_WARNINGS. See online help for details.
C:\Projects\Neko\game.h(1745,3): warning C4996: 'sprintf': This function or variable may be unsafe. Consider using sprintf_s instead. To disable deprecation, use _CRT_SECURE_NO_WARNINGS. See online help for details.
C:\Projects\Neko\game.h(1748,3): warning C4996: 'sprintf': This function or variable may be unsafe. Consider using sprintf_s instead. To disable deprecation, use _CRT_SECURE_NO_WARNINGS. See online help for details.
C:\Projects\Neko\game.h(2038,23): warning C4244: '=': conversion from 'int16_t' to 'uint8_t', possible loss of data
C:\Projects\Neko\game.h(2065,21): warning C4244: '=': conversion from 'int16_t' to 'uint8_t', possible loss of data
C:\Projects\Neko\game.h(2288,27): warning C4244: 'function': conversion from 'uint16_t' to 'uint8_t', possible loss of data
C:\Projects\Neko\game.h(2626,30): warning C4244: '=': conversion from 'int16_t' to 'uint8_t', possible loss of data
C:\Projects\Neko\game.h(2627,30): warning C4244: '=': conversion from 'int16_t' to 'uint8_t', possible loss of data
C:\Projects\Neko\game.h(2777,64): warning C4244: 'function': conversion from 'uint16_t' to 'uint8_t', possible loss of data
C:\Projects\Neko\game.h(2793,35): warning C4244: 'function': conversion from 'uint16_t' to 'uint8_t', possible loss of data
C:\Projects\Neko\game.h(3463,58): warning C4244: 'function': conversion from 'int16_t' to 'uint8_t', possible loss of data
C:\Projects\Neko\game.h(3550,26): warning C4244: 'function': conversion from 'int16_t' to 'uint8_t', possible loss of data
C:\Projects\Neko\game.h(4274,64): warning C4244: 'function': conversion from 'int16_t' to 'uint8_t', possible loss of data
C:\Projects\Neko\game.h(4274,66): warning C4244: 'function': conversion from 'int16_t' to 'uint8_t', possible loss of data
C:\Projects\Neko\game.h(4363,71): warning C4244: 'function': conversion from 'uint16_t' to 'uint8_t', possible loss of data
C:\Projects\Neko\game.h(4575,34): warning C4244: 'initializing': conversion from 'uint16_t' to 'uint8_t', possible loss of data
C:\Projects\Neko\game.h(4668,24): warning C4244: 'initializing': conversion from '__int64' to 'uint32_t', possible loss of data
C:\Projects\Neko\sounds.h(147,18): warning C4996: 'fopen': This function or variable may be unsafe. Consider using fopen_s instead. To disable deprecation, use _CRT_SECURE_NO_WARNINGS. See online help for details.
C:\Projects\Neko\main_sdl.c(110,13): warning C4996: 'fopen': This function or variable may be unsafe. Consider using fopen_s instead. To disable deprecation, use _CRT_SECURE_NO_WARNINGS. See online help for details.
C:\Projects\Neko\main_sdl.c(128,13): warning C4996: 'fopen': This function or variable may be unsafe. Consider using fopen_s instead. To disable deprecation, use _CRT_SECURE_NO_WARNINGS. See online help for details.
C:\Projects\Neko\main_sdl.c(152,9): warning C4013: 'usleep' undefined; assuming extern returning int
C:\Projects\Neko\main_sdl.c(428,3): warning C4996: 'sprintf': This function or variable may be unsafe. Consider using sprintf_s instead. To disable deprecation, use _CRT_SECURE_NO_WARNINGS. See online help for details.
main_sdl.obj : error LNK2019: unresolved external symbol _SDL_memset referenced in function _main
main_sdl.obj : error LNK2019: unresolved external symbol _SDL_OpenAudio referenced in function _main
main_sdl.obj : error LNK2019: unresolved external symbol _SDL_PauseAudio referenced in function _main
main_sdl.obj : error LNK2019: unresolved external symbol _SDL_CloseAudio referenced in function _main
main_sdl.obj : error LNK2019: unresolved external symbol _SDL_CreateWindow referenced in function _main
main_sdl.obj : error LNK2019: unresolved external symbol _SDL_SetWindowFullscreen referenced in function _main
main_sdl.obj : error LNK2019: unresolved external symbol _SDL_GetWindowSurface referenced in function _main
main_sdl.obj : error LNK2019: unresolved external symbol _SDL_DestroyWindow referenced in function _main
main_sdl.obj : error LNK2019: unresolved external symbol _SDL_GetKeyboardState referenced in function _main
main_sdl.obj : error LNK2019: unresolved external symbol _SDL_GetMouseState referenced in function _SFG_getMouseOffset
main_sdl.obj : error LNK2019: unresolved external symbol _SDL_WarpMouseInWindow referenced in function _SFG_getMouseOffset
main_sdl.obj : error LNK2019: unresolved external symbol _SDL_ShowCursor referenced in function _main
main_sdl.obj : error LNK2019: unresolved external symbol _SDL_GameControllerOpen referenced in function _main
main_sdl.obj : error LNK2019: unresolved external symbol _SDL_GameControllerUpdate referenced in function _main
main_sdl.obj : error LNK2019: unresolved external symbol _SDL_GameControllerGetAxis referenced in function _SFG_getMouseOffset
main_sdl.obj : error LNK2019: unresolved external symbol _SDL_GameControllerGetButton referenced in function _SFG_keyPressed
main_sdl.obj : error LNK2019: unresolved external symbol _SDL_GameControllerClose referenced in function _main
main_sdl.obj : error LNK2019: unresolved external symbol _SDL_PumpEvents referenced in function _main
main_sdl.obj : error LNK2019: unresolved external symbol _SDL_PollEvent referenced in function _mainLoopIteration
main_sdl.obj : error LNK2019: unresolved external symbol _SDL_CreateRenderer referenced in function _main
main_sdl.obj : error LNK2019: unresolved external symbol _SDL_CreateTexture referenced in function _main
main_sdl.obj : error LNK2019: unresolved external symbol _SDL_UpdateTexture referenced in function _mainLoopIteration
main_sdl.obj : error LNK2019: unresolved external symbol _SDL_RenderClear referenced in function _mainLoopIteration
main_sdl.obj : error LNK2019: unresolved external symbol _SDL_RenderCopy referenced in function _mainLoopIteration
main_sdl.obj : error LNK2019: unresolved external symbol _SDL_RenderPresent referenced in function _mainLoopIteration
main_sdl.obj : error LNK2019: unresolved external symbol _SDL_DestroyTexture referenced in function _main
main_sdl.obj : error LNK2019: unresolved external symbol _SDL_DestroyRenderer referenced in function _main
main_sdl.obj : error LNK2019: unresolved external symbol _SDL_GetTicks referenced in function _SFG_getTimeMs
main_sdl.obj : error LNK2019: unresolved external symbol _SDL_Init referenced in function _main
main_sdl.obj : error LNK2019: unresolved external symbol ___builtin_expect referenced in function _RCL_castRayMultiHit
main_sdl.obj : error LNK2019: unresolved external symbol _usleep referenced in function _SFG_sleepMs
SDL\lib\x64\SDL2.lib : warning LNK4272: library machine type 'x64' conflicts with target machine type 'x86'
SDL\lib\x64\SDL2main.lib : warning LNK4272: library machine type 'x64' conflicts with target machine type 'x86'
bin\Debug\NekoEngine.exe : fatal error LNK1120: 31 unresolved externals
