cl : command line  warning D9002: ignoring unknown option '/std:c99'
  main_sdl.c
C:\Projects\NekoEngine\GameData\networking.h(114,13): warning C4047: 'function': 'char *const ' differs in levels of indirection from 'char (*)[500]'
  (compiling source file 'main_sdl.c')
  
C:\Projects\NekoEngine\GameData\networking.h(114,13): warning C4024: 'sprintf': different types for formal and actual parameter 1
  (compiling source file 'main_sdl.c')
  
C:\Projects\NekoEngine\GameData\networking.h(114,5): warning C4996: 'sprintf': This function or variable may be unsafe. Consider using sprintf_s instead. To disable deprecation, use _CRT_SECURE_NO_WARNINGS. See online help for details.
  (compiling source file 'main_sdl.c')
  
C:\Projects\NekoEngine\GameData\networking.h(116,10): warning C4101: 'url': unreferenced local variable
  (compiling source file 'main_sdl.c')
  
C:\Projects\NekoEngine\GameData\levels.h(159,42): warning C4133: 'function': incompatible types - from 'WIN32_FIND_DATA *' to 'LPWIN32_FIND_DATAA'
  (compiling source file 'main_sdl.c')
  
C:\Projects\NekoEngine\GameData\levels.h(161,9): warning C4002: too many arguments for function-like macro invocation 'SFG_LOG'
  (compiling source file 'main_sdl.c')
  
C:\Projects\NekoEngine\GameData\levels.h(184,56): warning C4244: '=': conversion from 'WCHAR' to 'char', possible loss of data
  (compiling source file 'main_sdl.c')
  
C:\Projects\NekoEngine\GameData\levels.h(150,5): warning C4996: 'sprintf': This function or variable may be unsafe. Consider using sprintf_s instead. To disable deprecation, use _CRT_SECURE_NO_WARNINGS. See online help for details.
  (compiling source file 'main_sdl.c')
  
C:\Projects\NekoEngine\GameData\texts.h(44,3): warning C4098: 'loadText': 'void' function returning a value
  (compiling source file 'main_sdl.c')
  
C:\Projects\NekoEngine\GameData\texts.h(51,2): warning C4098: 'loadText': 'void' function returning a value
  (compiling source file 'main_sdl.c')
  
C:\Projects\NekoEngine\GameData\game.h(726,24): warning C4244: 'initializing': conversion from '__int64' to 'uint32_t', possible loss of data
  (compiling source file 'main_sdl.c')
  
C:\Projects\NekoEngine\GameData\game.h(1349,29): warning C4013: 'SFG_floorHeightAt' undefined; assuming extern returning int
  (compiling source file 'main_sdl.c')
  
C:\Projects\NekoEngine\GameData\game.h(1429,37): warning C4244: 'function': conversion from 'int16_t' to 'uint8_t', possible loss of data
  (compiling source file 'main_sdl.c')
  
C:\Projects\NekoEngine\GameData\game.h(1429,40): warning C4244: 'function': conversion from 'int16_t' to 'uint8_t', possible loss of data
  (compiling source file 'main_sdl.c')
  
C:\Projects\NekoEngine\GameData\game.h(1645,8): warning C4101: 'executablePath': unreferenced local variable
  (compiling source file 'main_sdl.c')
  
C:\Projects\NekoEngine\GameData\game.h(1823,3): warning C4996: 'sprintf': This function or variable may be unsafe. Consider using sprintf_s instead. To disable deprecation, use _CRT_SECURE_NO_WARNINGS. See online help for details.
  (compiling source file 'main_sdl.c')
  
C:\Projects\NekoEngine\GameData\game.h(1826,3): warning C4996: 'sprintf': This function or variable may be unsafe. Consider using sprintf_s instead. To disable deprecation, use _CRT_SECURE_NO_WARNINGS. See online help for details.
  (compiling source file 'main_sdl.c')
  
C:\Projects\NekoEngine\GameData\game.h(1829,3): warning C4996: 'sprintf': This function or variable may be unsafe. Consider using sprintf_s instead. To disable deprecation, use _CRT_SECURE_NO_WARNINGS. See online help for details.
  (compiling source file 'main_sdl.c')
  
C:\Projects\NekoEngine\GameData\game.h(1832,3): warning C4996: 'sprintf': This function or variable may be unsafe. Consider using sprintf_s instead. To disable deprecation, use _CRT_SECURE_NO_WARNINGS. See online help for details.
  (compiling source file 'main_sdl.c')
  
C:\Projects\NekoEngine\GameData\game.h(1835,3): warning C4996: 'sprintf': This function or variable may be unsafe. Consider using sprintf_s instead. To disable deprecation, use _CRT_SECURE_NO_WARNINGS. See online help for details.
  (compiling source file 'main_sdl.c')
  
C:\Projects\NekoEngine\GameData\game.h(1838,3): warning C4996: 'sprintf': This function or variable may be unsafe. Consider using sprintf_s instead. To disable deprecation, use _CRT_SECURE_NO_WARNINGS. See online help for details.
  (compiling source file 'main_sdl.c')
  
C:\Projects\NekoEngine\GameData\game.h(1841,3): warning C4996: 'sprintf': This function or variable may be unsafe. Consider using sprintf_s instead. To disable deprecation, use _CRT_SECURE_NO_WARNINGS. See online help for details.
  (compiling source file 'main_sdl.c')
  
C:\Projects\NekoEngine\GameData\game.h(2140,23): warning C4244: '=': conversion from 'int16_t' to 'uint8_t', possible loss of data
  (compiling source file 'main_sdl.c')
  
C:\Projects\NekoEngine\GameData\game.h(2167,21): warning C4244: '=': conversion from 'int16_t' to 'uint8_t', possible loss of data
  (compiling source file 'main_sdl.c')
  
C:\Projects\NekoEngine\GameData\game.h(2386,27): warning C4244: 'function': conversion from 'uint16_t' to 'uint8_t', possible loss of data
  (compiling source file 'main_sdl.c')
  
C:\Projects\NekoEngine\GameData\game.h(2732,30): warning C4244: '=': conversion from 'int16_t' to 'uint8_t', possible loss of data
  (compiling source file 'main_sdl.c')
  
C:\Projects\NekoEngine\GameData\game.h(2733,30): warning C4244: '=': conversion from 'int16_t' to 'uint8_t', possible loss of data
  (compiling source file 'main_sdl.c')
  
C:\Projects\NekoEngine\GameData\game.h(2878,64): warning C4244: 'function': conversion from 'uint16_t' to 'uint8_t', possible loss of data
  (compiling source file 'main_sdl.c')
  
C:\Projects\NekoEngine\GameData\game.h(2893,35): warning C4244: 'function': conversion from 'uint16_t' to 'uint8_t', possible loss of data
  (compiling source file 'main_sdl.c')
  
C:\Projects\NekoEngine\GameData\game.h(3605,58): warning C4244: 'function': conversion from 'int16_t' to 'uint8_t', possible loss of data
  (compiling source file 'main_sdl.c')
  
C:\Projects\NekoEngine\GameData\game.h(3699,26): warning C4244: 'function': conversion from 'int16_t' to 'uint8_t', possible loss of data
  (compiling source file 'main_sdl.c')
  
C:\Projects\NekoEngine\GameData\game.h(4439,64): warning C4244: 'function': conversion from 'int16_t' to 'uint8_t', possible loss of data
  (compiling source file 'main_sdl.c')
  
C:\Projects\NekoEngine\GameData\game.h(4439,67): warning C4244: 'function': conversion from 'int16_t' to 'uint8_t', possible loss of data
  (compiling source file 'main_sdl.c')
  
C:\Projects\NekoEngine\GameData\game.h(4492,10): warning C4090: '=': different 'const' qualifiers
  (compiling source file 'main_sdl.c')
  
C:\Projects\NekoEngine\GameData\game.h(4533,75): warning C4244: 'function': conversion from 'uint16_t' to 'uint8_t', possible loss of data
  (compiling source file 'main_sdl.c')
  
C:\Projects\NekoEngine\GameData\game.h(4485,9): warning C4090: 'initializing': different 'const' qualifiers
  (compiling source file 'main_sdl.c')
  
C:\Projects\NekoEngine\GameData\game.h(4771,23): warning C4244: 'initializing': conversion from 'uint16_t' to 'uint8_t', possible loss of data
  (compiling source file 'main_sdl.c')
  
C:\Projects\NekoEngine\GameData\game.h(4899,19): warning C4552: '+': result of expression not used
  (compiling source file 'main_sdl.c')
  
C:\Projects\NekoEngine\GameData\game.h(4919,21): warning C4552: '+': result of expression not used
  (compiling source file 'main_sdl.c')
  
C:\Projects\NekoEngine\GameData\game.h(4940,21): warning C4552: '+': result of expression not used
  (compiling source file 'main_sdl.c')
  
C:\Projects\NekoEngine\GameData\game.h(4863,24): warning C4244: 'initializing': conversion from '__int64' to 'uint32_t', possible loss of data
  (compiling source file 'main_sdl.c')
  
C:\Projects\NekoEngine\GameData\sounds.h(100,67): warning C4146: unary minus operator applied to unsigned type, result still unsigned
  (compiling source file 'main_sdl.c')
  
C:\Projects\NekoEngine\GameData\sounds.h(100,70): warning C4293: '>>': shift count negative or too big, undefined behavior
  (compiling source file 'main_sdl.c')
  
C:\Projects\NekoEngine\GameData\main_sdl.c(389,3): warning C4996: 'strncpy': This function or variable may be unsafe. Consider using strncpy_s instead. To disable deprecation, use _CRT_SECURE_NO_WARNINGS. See online help for details.
C:\Projects\NekoEngine\GameData\main_sdl.c(390,3): warning C4996: 'strncpy': This function or variable may be unsafe. Consider using strncpy_s instead. To disable deprecation, use _CRT_SECURE_NO_WARNINGS. See online help for details.
C:\Projects\NekoEngine\GameData\main_sdl.c(391,3): warning C4996: 'strncpy': This function or variable may be unsafe. Consider using strncpy_s instead. To disable deprecation, use _CRT_SECURE_NO_WARNINGS. See online help for details.
C:\Projects\NekoEngine\GameData\main_sdl.c(410,15): warning C4996: 'strncpy': This function or variable may be unsafe. Consider using strncpy_s instead. To disable deprecation, use _CRT_SECURE_NO_WARNINGS. See online help for details.
C:\Projects\NekoEngine\GameData\main_sdl.c(424,15): warning C4996: 'strncpy': This function or variable may be unsafe. Consider using strncpy_s instead. To disable deprecation, use _CRT_SECURE_NO_WARNINGS. See online help for details.
C:\Projects\NekoEngine\GameData\main_sdl.c(439,15): warning C4996: 'strncpy': This function or variable may be unsafe. Consider using strncpy_s instead. To disable deprecation, use _CRT_SECURE_NO_WARNINGS. See online help for details.
C:\Projects\NekoEngine\GameData\main_sdl.c(453,11): warning C4996: 'strcpy': This function or variable may be unsafe. Consider using strcpy_s instead. To disable deprecation, use _CRT_SECURE_NO_WARNINGS. See online help for details.
  NekoEngine.vcxproj -> C:\Projects\NekoEngine\GameData\NekoCorex64\Debug\NekoEngine.exe
